# JRE version: OpenJDK Runtime Environment Temurin-21.0.8+9 (21.0.8+9) (build 21.0.8+9-LTS)
# Java VM: OpenJDK 64-Bit Server VM Temurin-21.0.8+9 (21.0.8+9-LTS, mixed mode, sharing, tiered, compressed oops, compressed class ptrs, parallel gc, windows-amd64)
GC Precious Log:
 CardTable entry size: 512
 CPUs: 8 total, 8 available
 Memory: 7926M
 Large Page Support: Disabled
 NUMA Support: Disabled
 Compressed Oops: Enabled (32-bit)
 Alignments: Space 512K, Generation 512K, Heap 2M
 Heap Min Capacity: 100M
 Heap Initial Capacity: 100M
 Heap Max Capacity: 2G
 Pre-touch: Disabled
 Parallel Workers: 8
Heap:
 PSYoungGen      total 3584K, used 334K [0x00000000d5580000, 0x00000000d5a00000, 0x0000000100000000)
  eden space 2560K, 8% used [0x00000000d5580000,0x00000000d55b3808,0x00000000d5800000)
  from space 1024K, 12% used [0x00000000d5800000,0x00000000d5820000,0x00000000d5900000)
  to   space 512K, 0% used [0x00000000d5980000,0x00000000d5980000,0x00000000d5a00000)
 ParOldGen       total 745472K, used 745272K [0x0000000080000000, 0x00000000ad800000, 0x00000000d5580000)
  object space 745472K, 99% used [0x0000000080000000,0x00000000ad7ce088,0x00000000ad800000)
 Metaspace       used 95406K, committed 96960K, reserved 1179648K
  class space    used 9150K, committed 9856K, reserved 1048576K
GC Heap History (20 events):
Event: 173319.142 GC heap before
{Heap before GC invocations=19242 (full 14):
 PSYoungGen      total 3072K, used 2976K [0x00000000d5580000, 0x00000000d5a00000, 0x0000000100000000)
  eden space 2560K, 100% used [0x00000000d5580000,0x00000000d5800000,0x00000000d5800000)
  from space 512K, 81% used [0x00000000d5900000,0x00000000d5968000,0x00000000d5980000)
  to   space 512K, 0% used [0x00000000d5980000,0x00000000d5980000,0x00000000d5a00000)
 ParOldGen       total 743424K, used 743374K [0x0000000080000000, 0x00000000ad600000, 0x00000000d5580000)
  object space 743424K, 99% used [0x0000000080000000,0x00000000ad5f39c8,0x00000000ad600000)
 Metaspace       used 95406K, committed 96960K, reserved 1179648K
  class space    used 9150K, committed 9856K, reserved 1048576K
}
Event: 173319.144 GC heap after
{Heap after GC invocations=19242 (full 14):
 PSYoungGen      total 3072K, used 512K [0x00000000d5580000, 0x00000000d5a00000, 0x0000000100000000)
  eden space 2560K, 0% used [0x00000000d5580000,0x00000000d5580000,0x00000000d5800000)
  from space 512K, 100% used [0x00000000d5980000,0x00000000d5a00000,0x00000000d5a00000)
  to   space 1024K, 0% used [0x00000000d5800000,0x00000000d5800000,0x00000000d5900000)
 ParOldGen       total 743936K, used 743438K [0x0000000080000000, 0x00000000ad680000, 0x00000000d5580000)
  object space 743936K, 99% used [0x0000000080000000,0x00000000ad6039c8,0x00000000ad680000)
 Metaspace       used 95406K, committed 96960K, reserved 1179648K
  class space    used 9150K, committed 9856K, reserved 1048576K
}
Event: 173319.155 GC heap before
{Heap before GC invocations=19243 (full 14):
 PSYoungGen      total 3072K, used 3072K [0x00000000d5580000, 0x00000000d5a00000, 0x0000000100000000)
  eden space 2560K, 100% used [0x00000000d5580000,0x00000000d5800000,0x00000000d5800000)
  from space 512K, 100% used [0x00000000d5980000,0x00000000d5a00000,0x00000000d5a00000)
  to   space 1024K, 0% used [0x00000000d5800000,0x00000000d5800000,0x00000000d5900000)
 ParOldGen       total 743936K, used 743438K [0x0000000080000000, 0x00000000ad680000, 0x00000000d5580000)
  object space 743936K, 99% used [0x0000000080000000,0x00000000ad6039c8,0x00000000ad680000)
 Metaspace       used 95406K, committed 96960K, reserved 1179648K
  class space    used 9150K, committed 9856K, reserved 1048576K
}
Event: 173319.157 GC heap after
{Heap after GC invocations=19243 (full 14):
 PSYoungGen      total 3584K, used 160K [0x00000000d5580000, 0x00000000d5a00000, 0x0000000100000000)
  eden space 2560K, 0% used [0x00000000d5580000,0x00000000d5580000,0x00000000d5800000)
  from space 1024K, 15% used [0x00000000d5800000,0x00000000d5828000,0x00000000d5900000)
  to   space 512K, 0% used [0x00000000d5980000,0x00000000d5980000,0x00000000d5a00000)
 ParOldGen       total 743936K, used 743819K [0x0000000080000000, 0x00000000ad680000, 0x00000000d5580000)
  object space 743936K, 99% used [0x0000000080000000,0x00000000ad662e58,0x00000000ad680000)
 Metaspace       used 95406K, committed 96960K, reserved 1179648K
  class space    used 9150K, committed 9856K, reserved 1048576K
}
Event: 173319.480 GC heap before
{Heap before GC invocations=19244 (full 14):
 PSYoungGen      total 3584K, used 2720K [0x00000000d5580000, 0x00000000d5a00000, 0x0000000100000000)
  eden space 2560K, 100% used [0x00000000d5580000,0x00000000d5800000,0x00000000d5800000)
  from space 1024K, 15% used [0x00000000d5800000,0x00000000d5828000,0x00000000d5900000)
  to   space 512K, 0% used [0x00000000d5980000,0x00000000d5980000,0x00000000d5a00000)
 ParOldGen       total 743936K, used 743819K [0x0000000080000000, 0x00000000ad680000, 0x00000000d5580000)
  object space 743936K, 99% used [0x0000000080000000,0x00000000ad662e58,0x00000000ad680000)
 Metaspace       used 95406K, committed 96960K, reserved 1179648K
  class space    used 9150K, committed 9856K, reserved 1048576K
}
Event: 173319.483 GC heap after
{Heap after GC invocations=19244 (full 14):
 PSYoungGen      total 3072K, used 512K [0x00000000d5580000, 0x00000000d5a00000, 0x0000000100000000)
  eden space 2560K, 0% used [0x00000000d5580000,0x00000000d5580000,0x00000000d5800000)
  from space 512K, 100% used [0x00000000d5980000,0x00000000d5a00000,0x00000000d5a00000)
  to   space 1024K, 0% used [0x00000000d5800000,0x00000000d5800000,0x00000000d5900000)
 ParOldGen       total 743936K, used 743912K [0x0000000080000000, 0x00000000ad680000, 0x00000000d5580000)
  object space 743936K, 99% used [0x0000000080000000,0x00000000ad67a2e8,0x00000000ad680000)
 Metaspace       used 95406K, committed 96960K, reserved 1179648K
  class space    used 9150K, committed 9856K, reserved 1048576K
}
Event: 173319.624 GC heap before
{Heap before GC invocations=19245 (full 14):
 PSYoungGen      total 3072K, used 3072K [0x00000000d5580000, 0x00000000d5a00000, 0x0000000100000000)
  eden space 2560K, 100% used [0x00000000d5580000,0x00000000d5800000,0x00000000d5800000)
  from space 512K, 100% used [0x00000000d5980000,0x00000000d5a00000,0x00000000d5a00000)
  to   space 1024K, 0% used [0x00000000d5800000,0x00000000d5800000,0x00000000d5900000)
 ParOldGen       total 743936K, used 743912K [0x0000000080000000, 0x00000000ad680000, 0x00000000d5580000)
  object space 743936K, 99% used [0x0000000080000000,0x00000000ad67a2e8,0x00000000ad680000)
 Metaspace       used 95406K, committed 96960K, reserved 1179648K
  class space    used 9150K, committed 9856K, reserved 1048576K
}
Event: 173319.626 GC heap after
{Heap after GC invocations=19245 (full 14):
 PSYoungGen      total 3584K, used 256K [0x00000000d5580000, 0x00000000d5a00000, 0x0000000100000000)
  eden space 2560K, 0% used [0x00000000d5580000,0x00000000d5580000,0x00000000d5800000)
  from space 1024K, 25% used [0x00000000d5800000,0x00000000d5840000,0x00000000d5900000)
  to   space 512K, 0% used [0x00000000d5980000,0x00000000d5980000,0x00000000d5a00000)
 ParOldGen       total 744448K, used 744293K [0x0000000080000000, 0x00000000ad700000, 0x00000000d5580000)
  object space 744448K, 99% used [0x0000000080000000,0x00000000ad6d9768,0x00000000ad700000)
 Metaspace       used 95406K, committed 96960K, reserved 1179648K
  class space    used 9150K, committed 9856K, reserved 1048576K
}
Event: 173331.988 GC heap before
{Heap before GC invocations=19246 (full 14):
 PSYoungGen      total 3584K, used 2816K [0x00000000d5580000, 0x00000000d5a00000, 0x0000000100000000)
  eden space 2560K, 100% used [0x00000000d5580000,0x00000000d5800000,0x00000000d5800000)
  from space 1024K, 25% used [0x00000000d5800000,0x00000000d5840000,0x00000000d5900000)
  to   space 512K, 0% used [0x00000000d5980000,0x00000000d5980000,0x00000000d5a00000)
 ParOldGen       total 744448K, used 744293K [0x0000000080000000, 0x00000000ad700000, 0x00000000d5580000)
  object space 744448K, 99% used [0x0000000080000000,0x00000000ad6d9768,0x00000000ad700000)
 Metaspace       used 95406K, committed 96960K, reserved 1179648K
  class space    used 9150K, committed 9856K, reserved 1048576K
}
Event: 173331.992 GC heap after
{Heap after GC invocations=19246 (full 14):
 PSYoungGen      total 3072K, used 160K [0x00000000d5580000, 0x00000000d5a00000, 0x0000000100000000)
  eden space 2560K, 0% used [0x00000000d5580000,0x00000000d5580000,0x00000000d5800000)
  from space 512K, 31% used [0x00000000d5980000,0x00000000d59a8000,0x00000000d5a00000)
  to   space 512K, 0% used [0x00000000d5900000,0x00000000d5900000,0x00000000d5980000)
 ParOldGen       total 744448K, used 744325K [0x0000000080000000, 0x00000000ad700000, 0x00000000d5580000)
  object space 744448K, 99% used [0x0000000080000000,0x00000000ad6e1768,0x00000000ad700000)
 Metaspace       used 95406K, committed 96960K, reserved 1179648K
  class space    used 9150K, committed 9856K, reserved 1048576K
}
Event: 173332.002 GC heap before
{Heap before GC invocations=19247 (full 14):
 PSYoungGen      total 3072K, used 2720K [0x00000000d5580000, 0x00000000d5a00000, 0x0000000100000000)
  eden space 2560K, 100% used [0x00000000d5580000,0x00000000d5800000,0x00000000d5800000)
  from space 512K, 31% used [0x00000000d5980000,0x00000000d59a8000,0x00000000d5a00000)
  to   space 512K, 0% used [0x00000000d5900000,0x00000000d5900000,0x00000000d5980000)
 ParOldGen       total 744448K, used 744325K [0x0000000080000000, 0x00000000ad700000, 0x00000000d5580000)
  object space 744448K, 99% used [0x0000000080000000,0x00000000ad6e1768,0x00000000ad700000)
 Metaspace       used 95406K, committed 96960K, reserved 1179648K
  class space    used 9150K, committed 9856K, reserved 1048576K
}
Event: 173332.005 GC heap after
{Heap after GC invocations=19247 (full 14):
 PSYoungGen      total 3072K, used 512K [0x00000000d5580000, 0x00000000d5a00000, 0x0000000100000000)
  eden space 2560K, 0% used [0x00000000d5580000,0x00000000d5580000,0x00000000d5800000)
  from space 512K, 100% used [0x00000000d5900000,0x00000000d5980000,0x00000000d5980000)
  to   space 512K, 0% used [0x00000000d5980000,0x00000000d5980000,0x00000000d5a00000)
 ParOldGen       total 744960K, used 744469K [0x0000000080000000, 0x00000000ad780000, 0x00000000d5580000)
  object space 744960K, 99% used [0x0000000080000000,0x00000000ad705778,0x00000000ad780000)
 Metaspace       used 95406K, committed 96960K, reserved 1179648K
  class space    used 9150K, committed 9856K, reserved 1048576K
}
Event: 173332.135 GC heap before
{Heap before GC invocations=19248 (full 14):
 PSYoungGen      total 3072K, used 3072K [0x00000000d5580000, 0x00000000d5a00000, 0x0000000100000000)
  eden space 2560K, 100% used [0x00000000d5580000,0x00000000d5800000,0x00000000d5800000)
  from space 512K, 100% used [0x00000000d5900000,0x00000000d5980000,0x00000000d5980000)
  to   space 512K, 0% used [0x00000000d5980000,0x00000000d5980000,0x00000000d5a00000)
 ParOldGen       total 744960K, used 744469K [0x0000000080000000, 0x00000000ad780000, 0x00000000d5580000)
  object space 744960K, 99% used [0x0000000080000000,0x00000000ad705778,0x00000000ad780000)
 Metaspace       used 95406K, committed 96960K, reserved 1179648K
  class space    used 9150K, committed 9856K, reserved 1048576K
}
Event: 173332.138 GC heap after
{Heap after GC invocations=19248 (full 14):
 PSYoungGen      total 3072K, used 512K [0x00000000d5580000, 0x00000000d5a00000, 0x0000000100000000)
  eden space 2560K, 0% used [0x00000000d5580000,0x00000000d5580000,0x00000000d5800000)
  from space 512K, 100% used [0x00000000d5980000,0x00000000d5a00000,0x00000000d5a00000)
  to   space 1024K, 0% used [0x00000000d5800000,0x00000000d5800000,0x00000000d5900000)
 ParOldGen       total 745472K, used 744976K [0x0000000080000000, 0x00000000ad800000, 0x00000000d5580000)
  object space 745472K, 99% used [0x0000000080000000,0x00000000ad784088,0x00000000ad800000)
 Metaspace       used 95406K, committed 96960K, reserved 1179648K
  class space    used 9150K, committed 9856K, reserved 1048576K
}
Event: 173401.478 GC heap before
{Heap before GC invocations=19249 (full 14):
 PSYoungGen      total 3072K, used 3071K [0x00000000d5580000, 0x00000000d5a00000, 0x0000000100000000)
  eden space 2560K, 99% used [0x00000000d5580000,0x00000000d57fffe8,0x00000000d5800000)
  from space 512K, 100% used [0x00000000d5980000,0x00000000d5a00000,0x00000000d5a00000)
  to   space 1024K, 0% used [0x00000000d5800000,0x00000000d5800000,0x00000000d5900000)
 ParOldGen       total 745472K, used 744976K [0x0000000080000000, 0x00000000ad800000, 0x00000000d5580000)
  object space 745472K, 99% used [0x0000000080000000,0x00000000ad784088,0x00000000ad800000)
 Metaspace       used 95406K, committed 96960K, reserved 1179648K
  class space    used 9150K, committed 9856K, reserved 1048576K
}
Event: 173401.708 GC heap after
{Heap after GC invocations=19249 (full 14):
 PSYoungGen      total 3584K, used 320K [0x00000000d5580000, 0x00000000d5a00000, 0x0000000100000000)
  eden space 2560K, 0% used [0x00000000d5580000,0x00000000d5580000,0x00000000d5800000)
  from space 1024K, 31% used [0x00000000d5800000,0x00000000d5850000,0x00000000d5900000)
  to   space 512K, 0% used [0x00000000d5980000,0x00000000d5980000,0x00000000d5a00000)
 ParOldGen       total 745472K, used 745152K [0x0000000080000000, 0x00000000ad800000, 0x00000000d5580000)
  object space 745472K, 99% used [0x0000000080000000,0x00000000ad7b0088,0x00000000ad800000)
 Metaspace       used 95406K, committed 96960K, reserved 1179648K
  class space    used 9150K, committed 9856K, reserved 1048576K
}
Event: 173401.887 GC heap before
{Heap before GC invocations=19250 (full 14):
 PSYoungGen      total 3584K, used 2879K [0x00000000d5580000, 0x00000000d5a00000, 0x0000000100000000)
  eden space 2560K, 99% used [0x00000000d5580000,0x00000000d57fffd0,0x00000000d5800000)
  from space 1024K, 31% used [0x00000000d5800000,0x00000000d5850000,0x00000000d5900000)
  to   space 512K, 0% used [0x00000000d5980000,0x00000000d5980000,0x00000000d5a00000)
 ParOldGen       total 745472K, used 745152K [0x0000000080000000, 0x00000000ad800000, 0x00000000d5580000)
  object space 745472K, 99% used [0x0000000080000000,0x00000000ad7b0088,0x00000000ad800000)
 Metaspace       used 95406K, committed 96960K, reserved 1179648K
  class space    used 9150K, committed 9856K, reserved 1048576K
}
Event: 173401.893 GC heap after
{Heap after GC invocations=19250 (full 14):
 PSYoungGen      total 3072K, used 512K [0x00000000d5580000, 0x00000000d5a00000, 0x0000000100000000)
  eden space 2560K, 0% used [0x00000000d5580000,0x00000000d5580000,0x00000000d5800000)
  from space 512K, 100% used [0x00000000d5980000,0x00000000d5a00000,0x00000000d5a00000)
  to   space 1024K, 0% used [0x00000000d5800000,0x00000000d5800000,0x00000000d5900000)
 ParOldGen       total 745472K, used 745216K [0x0000000080000000, 0x00000000ad800000, 0x00000000d5580000)
  object space 745472K, 99% used [0x0000000080000000,0x00000000ad7c0088,0x00000000ad800000)
 Metaspace       used 95406K, committed 96960K, reserved 1179648K
  class space    used 9150K, committed 9856K, reserved 1048576K
}
Event: 173403.283 GC heap before
{Heap before GC invocations=19251 (full 14):
 PSYoungGen      total 3072K, used 3072K [0x00000000d5580000, 0x00000000d5a00000, 0x0000000100000000)
  eden space 2560K, 100% used [0x00000000d5580000,0x00000000d5800000,0x00000000d5800000)
  from space 512K, 100% used [0x00000000d5980000,0x00000000d5a00000,0x00000000d5a00000)
  to   space 1024K, 0% used [0x00000000d5800000,0x00000000d5800000,0x00000000d5900000)
 ParOldGen       total 745472K, used 745216K [0x0000000080000000, 0x00000000ad800000, 0x00000000d5580000)
  object space 745472K, 99% used [0x0000000080000000,0x00000000ad7c0088,0x00000000ad800000)
 Metaspace       used 95406K, committed 96960K, reserved 1179648K
  class space    used 9150K, committed 9856K, reserved 1048576K
}
Event: 173403.290 GC heap after
{Heap after GC invocations=19251 (full 14):
 PSYoungGen      total 3584K, used 128K [0x00000000d5580000, 0x00000000d5a00000, 0x0000000100000000)
  eden space 2560K, 0% used [0x00000000d5580000,0x00000000d5580000,0x00000000d5800000)
  from space 1024K, 12% used [0x00000000d5800000,0x00000000d5820000,0x00000000d5900000)
  to   space 512K, 0% used [0x00000000d5980000,0x00000000d5980000,0x00000000d5a00000)
 ParOldGen       total 745472K, used 745272K [0x0000000080000000, 0x00000000ad800000, 0x00000000d5580000)
  object space 745472K, 99% used [0x0000000080000000,0x00000000ad7ce088,0x00000000ad800000)
 Metaspace       used 95406K, committed 96960K, reserved 1179648K
  class space    used 9150K, committed 9856K, reserved 1048576K
}

